fluterdbygeo/build/app/outputs/mapping/release/mapping.txt
# compiler: R8
# compiler_version: 1.5.64
# min_api: 16
# pg_map_id: 63bebb2
...
com.google.android.gms.signin.internal.zai -> b.b.a.a.e.b.j:
com.google.android.gms.signin.internal.zaj -> b.b.a.a.e.b.k:
    com.google.android.gms.common.ConnectionResult zadi -> b
    com.google.android.gms.common.internal.ResolveAccountResponse zase -> c
    int zalf -> a
    com.google.android.gms.common.ConnectionResult getConnectionResult() -> b
    com.google.android.gms.common.internal.ResolveAccountResponse zacx() -> c
com.google.android.gms.signin.internal.zak -> b.b.a.a.e.b.l:
com.google.android.gms.signin.zaa -> b.b.a.a.e.c:
    com.google.android.gms.common.api.Api$ClientKey zars -> b
    com.google.android.gms.common.api.Api$ClientKey CLIENT_KEY -> a
    com.google.android.gms.common.api.Api$AbstractClientBuilder zart -> d
    com.google.android.gms.common.api.Api$AbstractClientBuilder zaph -> c
com.google.android.gms.signin.zab -> b.b.a.a.e.d:
    com.google.android.gms.common.api.Api$Client buildClient(android.content.Context,android.os.Looper,com.google.android.gms.common.internal.ClientSettings,java.lang.Object,com.google.android.gms.common.api.GoogleApiClient$ConnectionCallbacks,com.google.android.gms.common.api.GoogleApiClient$OnConnectionFailedListener) -> a
com.google.android.gms.signin.zac -> b.b.a.a.e.e:
    com.google.android.gms.common.api.Api$Client buildClient(android.content.Context,android.os.Looper,com.google.android.gms.common.internal.ClientSettings,java.lang.Object,com.google.android.gms.common.api.GoogleApiClient$ConnectionCallbacks,com.google.android.gms.common.api.GoogleApiClient$OnConnectionFailedListener) -> a
com.google.android.gms.signin.zad -> b.b.a.a.e.f:
    void zaa(com.google.android.gms.signin.internal.zad) -> a
    void connect() -> e
com.google.android.gms.tasks.Continuation -> b.b.a.a.f.a:
    java.lang.Object then(com.google.android.gms.tasks.Task) -> a
com.google.android.gms.tasks.OnCompleteListener -> b.b.a.a.f.b:
    void onComplete(com.google.android.gms.tasks.Task) -> a
com.google.android.gms.tasks.OnFailureListener -> b.b.a.a.f.c:
    void onFailure(java.lang.Exception) -> a
com.google.android.gms.tasks.OnSuccessListener -> b.b.a.a.f.d:
    void onSuccess(java.lang.Object) -> a
com.google.android.gms.tasks.RuntimeExecutionException -> b.b.a.a.f.e:
com.google.android.gms.tasks.Task -> b.b.a.a.f.f:
    com.google.android.gms.tasks.Task addOnCompleteListener(com.google.android.gms.tasks.OnCompleteListener) -> a
    com.google.android.gms.tasks.Task addOnFailureListener(com.google.android.gms.tasks.OnFailureListener) -> a
    com.google.android.gms.tasks.Task addOnSuccessListener(com.google.android.gms.tasks.OnSuccessListener) -> a
    com.google.android.gms.tasks.Task continueWith(com.google.android.gms.tasks.Continuation) -> a
    java.lang.Exception getException() -> a
    java.lang.Object getResult() -> b
    boolean isCanceled() -> c
    boolean isSuccessful() -> d
com.google.android.gms.tasks.TaskCompletionSource -> b.b.a.a.f.g:
    com.google.android.gms.tasks.zzu zza -> a
    com.google.android.gms.tasks.Task getTask() -> a
    void setException(java.lang.Exception) -> a
    void setResult(java.lang.Object) -> a
    boolean trySetException(java.lang.Exception) -> b
    boolean trySetResult(java.lang.Object) -> b
com.google.android.gms.tasks.TaskExecutors -> b.b.a.a.f.h:
    java.util.concurrent.Executor MAIN_THREAD -> a
com.google.android.gms.tasks.TaskExecutors$zza -> b.b.a.a.f.h$a:
    android.os.Handler mHandler -> a
com.google.android.gms.tasks.zzc -> b.b.a.a.f.i:
    com.google.android.gms.tasks.zzu zzf -> c
    java.util.concurrent.Executor zzd -> a
    com.google.android.gms.tasks.Continuation zze -> b
    void onComplete(com.google.android.gms.tasks.Task) -> a
    com.google.android.gms.tasks.zzu zza(com.google.android.gms.tasks.zzc) -> a
    com.google.android.gms.tasks.Continuation zzb(com.google.android.gms.tasks.zzc) -> b